[0731/165010.147:ERROR:process_info.cc(372)] NtQuerySystemInformation SystemExtendedHandleInformation: {没有足够配额} 没有足够的虚拟内存或分页文件配额以完成指定的操作。  (0xc0000017)
[0819/115707.050:ERROR:process_info.cc(372)] NtQuerySystemInformation SystemExtendedHandleInformation: {没有足够配额} 没有足够的虚拟内存或分页文件配额以完成指定的操作。  (0xc0000017)
[0819/140829.035:ERROR:process_reader_win.cc(83)] NtQuerySystemInformation: {没有足够配额} 没有足够的虚拟内存或分页文件配额以完成指定的操作。  (0xc0000017)
[0819/140829.039:ERROR:exception_snapshot_win.cc(87)] thread ID 4068 not found in process
[0819/140829.039:WARNING:crash_report_exception_handler.cc(60)] ProcessSnapshotWin::Initialize failed
[0827/161531.095:ERROR:process_info.cc(359)] UncheckedAllocate
[0827/161538.236:ERROR:process_info.cc(359)] UncheckedAllocate
[0828/170957.004:ERROR:process_info.cc(359)] UncheckedAllocate
[0828/170959.811:ERROR:process_info.cc(329)] VirtualQueryEx: 拒绝访问。 (0x5)
[0828/170959.814:ERROR:process_info.cc(556)] ReadMemoryInfo failed
[0828/170959.814:ERROR:scoped_process_suspend.cc(40)] NtResumeProcess: 已尝试访问正在退出的过程。 (0xc000010a)
[1022/095756.772:ERROR:directory_reader_win.cc(43)] FindFirstFile: 系统找不到指定的路径。 (0x3)
[1023/091416.152:ERROR:directory_reader_win.cc(43)] FindFirstFile: 系统找不到指定的路径。 (0x3)
[1024/092334.501:ERROR:directory_reader_win.cc(43)] FindFirstFile: 系统找不到指定的路径。 (0x3)
[1024/155223.416:ERROR:directory_reader_win.cc(43)] FindFirstFile: 系统找不到指定的路径。 (0x3)
[1026/090955.694:ERROR:directory_reader_win.cc(43)] FindFirstFile: 系统找不到指定的路径。 (0x3)
[1027/091304.147:ERROR:directory_reader_win.cc(43)] FindFirstFile: 系统找不到指定的路径。 (0x3)
[1028/091304.475:ERROR:directory_reader_win.cc(43)] FindFirstFile: 系统找不到指定的路径。 (0x3)
[1030/150722.564:ERROR:directory_reader_win.cc(43)] FindFirstFile: 系统找不到指定的路径。 (0x3)
[1031/094651.798:ERROR:directory_reader_win.cc(43)] FindFirstFile: 系统找不到指定的路径。 (0x3)
[1105/094019.346:ERROR:directory_reader_win.cc(43)] FindFirstFile: 系统找不到指定的路径。 (0x3)
[1109/090909.163:ERROR:directory_reader_win.cc(43)] FindFirstFile: 系统找不到指定的路径。 (0x3)
[1112/091406.962:ERROR:directory_reader_win.cc(43)] FindFirstFile: 系统找不到指定的路径。 (0x3)
[1112/113603.318:ERROR:directory_reader_win.cc(43)] FindFirstFile: 系统找不到指定的路径。 (0x3)
[1114/094032.780:ERROR:directory_reader_win.cc(43)] FindFirstFile: 系统找不到指定的路径。 (0x3)
[1114/134454.723:ERROR:directory_reader_win.cc(43)] FindFirstFile: 系统找不到指定的路径。 (0x3)
[1117/092227.603:ERROR:directory_reader_win.cc(43)] FindFirstFile: 系统找不到指定的路径。 (0x3)
[1120/100112.302:ERROR:directory_reader_win.cc(43)] FindFirstFile: 系统找不到指定的路径。 (0x3)
[1124/101338.502:ERROR:directory_reader_win.cc(43)] FindFirstFile: 系统找不到指定的路径。 (0x3)
[1125/091053.795:ERROR:directory_reader_win.cc(43)] FindFirstFile: 系统找不到指定的路径。 (0x3)
[1126/092724.430:ERROR:directory_reader_win.cc(43)] FindFirstFile: 系统找不到指定的路径。 (0x3)
[1128/094725.334:ERROR:directory_reader_win.cc(43)] FindFirstFile: 系统找不到指定的路径。 (0x3)
